The system is: Linux - 5.15.167.4-microsoft-standard-WSL2 - x86_64
Compiling the C compiler identification source file "CMakeCCompilerId.c" succeeded.
Compiler: /usr/bin/cc 
Build flags: 
Id flags:  

The output was:
0


Compilation of the C compiler identification source "CMakeCCompilerId.c" produced "a.out"

The C compiler identification is GNU, found in "/home/fyang151/cdiff/build/CMakeFiles/3.22.1/CompilerIdC/a.out"

Detecting C compiler ABI info compiled with the following output:
Change Dir: /home/fyang151/cdiff/build/CMakeFiles/CMakeTmp

Run Build Command(s):/usr/bin/gmake -f Makefile cmTC_912d1/fast && gmake[1]: Entering directory '/home/fyang151/cdiff/build/CMakeFiles/CMakeTmp'
/usr/bin/gmake  -f CMakeFiles/cmTC_912d1.dir/build.make CMakeFiles/cmTC_912d1.dir/build
gmake[2]: Entering directory '/home/fyang151/cdiff/build/CMakeFiles/CMakeTmp'
Building C object CMakeFiles/cmTC_912d1.dir/CMakeCCompilerABI.c.o
/usr/bin/cc   -v -o CMakeFiles/cmTC_912d1.dir/CMakeCCompilerABI.c.o -c /usr/share/cmake-3.22/Modules/CMakeCCompilerABI.c
Using built-in specs.
COLLECT_GCC=/usr/bin/cc
OFFLOAD_TARGET_NAMES=nvptx-none:amdgcn-amdhsa
OFFLOAD_TARGET_DEFAULT=1
Target: x86_64-linux-gnu
Configured with: ../src/configure -v --with-pkgversion='Ubuntu 11.4.0-1ubuntu1~22.04.2' --with-bugurl=file:///usr/share/doc/gcc-11/README.Bugs --enable-languages=c,ada,c++,go,brig,d,fortran,objc,obj-c++,m2 --prefix=/usr --with-gcc-major-version-only --program-suffix=-11 --program-prefix=x86_64-linux-gnu- --enable-shared --enable-linker-build-id --libexecdir=/usr/lib --without-included-gettext --enable-threads=posix --libdir=/usr/lib --enable-nls --enable-bootstrap --enable-clocale=gnu --enable-libstdcxx-debug --enable-libstdcxx-time=yes --with-default-libstdcxx-abi=new --enable-gnu-unique-object --disable-vtable-verify --enable-plugin --enable-default-pie --with-system-zlib --enable-libphobos-checking=release --with-target-system-zlib=auto --enable-objc-gc=auto --enable-multiarch --disable-werror --enable-cet --with-arch-32=i686 --with-abi=m64 --with-multilib-list=m32,m64,mx32 --enable-multilib --with-tune=generic --enable-offload-targets=nvptx-none=/build/gcc-11-2Y5pKs/gcc-11-11.4.0/debian/tmp-nvptx/usr,amdgcn-amdhsa=/build/gcc-11-2Y5pKs/gcc-11-11.4.0/debian/tmp-gcn/usr --without-cuda-driver --enable-checking=release --build=x86_64-linux-gnu --host=x86_64-linux-gnu --target=x86_64-linux-gnu --with-build-config=bootstrap-lto-lean --enable-link-serialization=2
Thread model: posix
Supported LTO compression algorithms: zlib zstd
gcc version 11.4.0 (Ubuntu 11.4.0-1ubuntu1~22.04.2) 
COLLECT_GCC_OPTIONS='-v' '-o' 'CMakeFiles/cmTC_912d1.dir/CMakeCCompilerABI.c.o' '-c' '-mtune=generic' '-march=x86-64' '-dumpdir' 'CMakeFiles/cmTC_912d1.dir/'
 /usr/lib/gcc/x86_64-linux-gnu/11/cc1 -quiet -v -imultiarch x86_64-linux-gnu /usr/share/cmake-3.22/Modules/CMakeCCompilerABI.c -quiet -dumpdir CMakeFiles/cmTC_912d1.dir/ -dumpbase CMakeCCompilerABI.c.c -dumpbase-ext .c -mtune=generic -march=x86-64 -version -fasynchronous-unwind-tables -fstack-protector-strong -Wformat -Wformat-security -fstack-clash-protection -fcf-protection -o /tmp/cc8gjWCJ.s
GNU C17 (Ubuntu 11.4.0-1ubuntu1~22.04.2) version 11.4.0 (x86_64-linux-gnu)
	compiled by GNU C version 11.4.0, GMP version 6.2.1, MPFR version 4.1.0, MPC version 1.2.1, isl version isl-0.24-GMP

GGC heuristics: --param ggc-min-expand=100 --param ggc-min-heapsize=131072
ignoring nonexistent directory "/usr/local/include/x86_64-linux-gnu"
ignoring nonexistent directory "/usr/lib/gcc/x86_64-linux-gnu/11/include-fixed"
ignoring nonexistent directory "/usr/lib/gcc/x86_64-linux-gnu/11/../../../../x86_64-linux-gnu/include"
#include "..." search starts here:
#include <...> search starts here:
 /usr/lib/gcc/x86_64-linux-gnu/11/include
 /usr/local/include
 /usr/include/x86_64-linux-gnu
 /usr/include
End of search list.
GNU C17 (Ubuntu 11.4.0-1ubuntu1~22.04.2) version 11.4.0 (x86_64-linux-gnu)
	compiled by GNU C version 11.4.0, GMP version 6.2.1, MPFR version 4.1.0, MPC version 1.2.1, isl version isl-0.24-GMP

GGC heuristics: --param ggc-min-expand=100 --param ggc-min-heapsize=131072
Compiler executable checksum: 4011c2103cba78949d7e02d0f0047a3d
COLLECT_GCC_OPTIONS='-v' '-o' 'CMakeFiles/cmTC_912d1.dir/CMakeCCompilerABI.c.o' '-c' '-mtune=generic' '-march=x86-64' '-dumpdir' 'CMakeFiles/cmTC_912d1.dir/'
 as -v --64 -o CMakeFiles/cmTC_912d1.dir/CMakeCCompilerABI.c.o /tmp/cc8gjWCJ.s
GNU assembler version 2.38 (x86_64-linux-gnu) using BFD version (GNU Binutils for Ubuntu) 2.38
COMPILER_PATH=/usr/lib/gcc/x86_64-linux-gnu/11/:/usr/lib/gcc/x86_64-linux-gnu/11/:/usr/lib/gcc/x86_64-linux-gnu/:/usr/lib/gcc/x86_64-linux-gnu/11/:/usr/lib/gcc/x86_64-linux-gnu/
LIBRARY_PATH=/usr/lib/gcc/x86_64-linux-gnu/11/:/usr/lib/gcc/x86_64-linux-gnu/11/../../../x86_64-linux-gnu/:/usr/lib/gcc/x86_64-linux-gnu/11/../../../../lib/:/lib/x86_64-linux-gnu/:/lib/../lib/:/usr/lib/x86_64-linux-gnu/:/usr/lib/../lib/:/usr/lib/gcc/x86_64-linux-gnu/11/../../../:/lib/:/usr/lib/
COLLECT_GCC_OPTIONS='-v' '-o' 'CMakeFiles/cmTC_912d1.dir/CMakeCCompilerABI.c.o' '-c' '-mtune=generic' '-march=x86-64' '-dumpdir' 'CMakeFiles/cmTC_912d1.dir/CMakeCCompilerABI.c.'
Linking C executable cmTC_912d1
/usr/bin/cmake -E cmake_link_script CMakeFiles/cmTC_912d1.dir/link.txt --verbose=1
/usr/bin/cc  -v CMakeFiles/cmTC_912d1.dir/CMakeCCompilerABI.c.o -o cmTC_912d1 
Using built-in specs.
COLLECT_GCC=/usr/bin/cc
COLLECT_LTO_WRAPPER=/usr/lib/gcc/x86_64-linux-gnu/11/lto-wrapper
OFFLOAD_TARGET_NAMES=nvptx-none:amdgcn-amdhsa
OFFLOAD_TARGET_DEFAULT=1
Target: x86_64-linux-gnu
Configured with: ../src/configure -v --with-pkgversion='Ubuntu 11.4.0-1ubuntu1~22.04.2' --with-bugurl=file:///usr/share/doc/gcc-11/README.Bugs --enable-languages=c,ada,c++,go,brig,d,fortran,objc,obj-c++,m2 --prefix=/usr --with-gcc-major-version-only --program-suffix=-11 --program-prefix=x86_64-linux-gnu- --enable-shared --enable-linker-build-id --libexecdir=/usr/lib --without-included-gettext --enable-threads=posix --libdir=/usr/lib --enable-nls --enable-bootstrap --enable-clocale=gnu --enable-libstdcxx-debug --enable-libstdcxx-time=yes --with-default-libstdcxx-abi=new --enable-gnu-unique-object --disable-vtable-verify --enable-plugin --enable-default-pie --with-system-zlib --enable-libphobos-checking=release --with-target-system-zlib=auto --enable-objc-gc=auto --enable-multiarch --disable-werror --enable-cet --with-arch-32=i686 --with-abi=m64 --with-multilib-list=m32,m64,mx32 --enable-multilib --with-tune=generic --enable-offload-targets=nvptx-none=/build/gcc-11-2Y5pKs/gcc-11-11.4.0/debian/tmp-nvptx/usr,amdgcn-amdhsa=/build/gcc-11-2Y5pKs/gcc-11-11.4.0/debian/tmp-gcn/usr --without-cuda-driver --enable-checking=release --build=x86_64-linux-gnu --host=x86_64-linux-gnu --target=x86_64-linux-gnu --with-build-config=bootstrap-lto-lean --enable-link-serialization=2
Thread model: posix
Supported LTO compression algorithms: zlib zstd
gcc version 11.4.0 (Ubuntu 11.4.0-1ubuntu1~22.04.2) 
COMPILER_PATH=/usr/lib/gcc/x86_64-linux-gnu/11/:/usr/lib/gcc/x86_64-linux-gnu/11/:/usr/lib/gcc/x86_64-linux-gnu/:/usr/lib/gcc/x86_64-linux-gnu/11/:/usr/lib/gcc/x86_64-linux-gnu/
LIBRARY_PATH=/usr/lib/gcc/x86_64-linux-gnu/11/:/usr/lib/gcc/x86_64-linux-gnu/11/../../../x86_64-linux-gnu/:/usr/lib/gcc/x86_64-linux-gnu/11/../../../../lib/:/lib/x86_64-linux-gnu/:/lib/../lib/:/usr/lib/x86_64-linux-gnu/:/usr/lib/../lib/:/usr/lib/gcc/x86_64-linux-gnu/11/../../../:/lib/:/usr/lib/
COLLECT_GCC_OPTIONS='-v' '-o' 'cmTC_912d1' '-mtune=generic' '-march=x86-64' '-dumpdir' 'cmTC_912d1.'
 /usr/lib/gcc/x86_64-linux-gnu/11/collect2 -plugin /usr/lib/gcc/x86_64-linux-gnu/11/liblto_plugin.so -plugin-opt=/usr/lib/gcc/x86_64-linux-gnu/11/lto-wrapper -plugin-opt=-fresolution=/tmp/ccMkJc9p.res -plugin-opt=-pass-through=-lgcc -plugin-opt=-pass-through=-lgcc_s -plugin-opt=-pass-through=-lc -plugin-opt=-pass-through=-lgcc -plugin-opt=-pass-through=-lgcc_s --build-id --eh-frame-hdr -m elf_x86_64 --hash-style=gnu --as-needed -dynamic-linker /lib64/ld-linux-x86-64.so.2 -pie -z now -z relro -o cmTC_912d1 /usr/lib/gcc/x86_64-linux-gnu/11/../../../x86_64-linux-gnu/Scrt1.o /usr/lib/gcc/x86_64-linux-gnu/11/../../../x86_64-linux-gnu/crti.o /usr/lib/gcc/x86_64-linux-gnu/11/crtbeginS.o -L/usr/lib/gcc/x86_64-linux-gnu/11 -L/usr/lib/gcc/x86_64-linux-gnu/11/../../../x86_64-linux-gnu -L/usr/lib/gcc/x86_64-linux-gnu/11/../../../../lib -L/lib/x86_64-linux-gnu -L/lib/../lib -L/usr/lib/x86_64-linux-gnu -L/usr/lib/../lib -L/usr/lib/gcc/x86_64-linux-gnu/11/../../.. CMakeFiles/cmTC_912d1.dir/CMakeCCompilerABI.c.o -lgcc --push-state --as-needed -lgcc_s --pop-state -lc -lgcc --push-state --as-needed -lgcc_s --pop-state /usr/lib/gcc/x86_64-linux-gnu/11/crtendS.o /usr/lib/gcc/x86_64-linux-gnu/11/../../../x86_64-linux-gnu/crtn.o
COLLECT_GCC_OPTIONS='-v' '-o' 'cmTC_912d1' '-mtune=generic' '-march=x86-64' '-dumpdir' 'cmTC_912d1.'
gmake[2]: Leaving directory '/home/fyang151/cdiff/build/CMakeFiles/CMakeTmp'
gmake[1]: Leaving directory '/home/fyang151/cdiff/build/CMakeFiles/CMakeTmp'



Parsed C implicit include dir info from above output: rv=done
  found start of include info
  found start of implicit include info
    add: [/usr/lib/gcc/x86_64-linux-gnu/11/include]
    add: [/usr/local/include]
    add: [/usr/include/x86_64-linux-gnu]
    add: [/usr/include]
  end of search list found
  collapse include dir [/usr/lib/gcc/x86_64-linux-gnu/11/include] ==> [/usr/lib/gcc/x86_64-linux-gnu/11/include]
  collapse include dir [/usr/local/include] ==> [/usr/local/include]
  collapse include dir [/usr/include/x86_64-linux-gnu] ==> [/usr/include/x86_64-linux-gnu]
  collapse include dir [/usr/include] ==> [/usr/include]
  implicit include dirs: [/usr/lib/gcc/x86_64-linux-gnu/11/include;/usr/local/include;/usr/include/x86_64-linux-gnu;/usr/include]


Parsed C implicit link information from above output:
  link line regex: [^( *|.*[/\])(ld|CMAKE_LINK_STARTFILE-NOTFOUND|([^/\]+-)?ld|collect2)[^/\]*( |$)]
  ignore line: [Change Dir: /home/fyang151/cdiff/build/CMakeFiles/CMakeTmp]
  ignore line: []
  ignore line: [Run Build Command(s):/usr/bin/gmake -f Makefile cmTC_912d1/fast && gmake[1]: Entering directory '/home/fyang151/cdiff/build/CMakeFiles/CMakeTmp']
  ignore line: [/usr/bin/gmake  -f CMakeFiles/cmTC_912d1.dir/build.make CMakeFiles/cmTC_912d1.dir/build]
  ignore line: [gmake[2]: Entering directory '/home/fyang151/cdiff/build/CMakeFiles/CMakeTmp']
  ignore line: [Building C object CMakeFiles/cmTC_912d1.dir/CMakeCCompilerABI.c.o]
  ignore line: [/usr/bin/cc   -v -o CMakeFiles/cmTC_912d1.dir/CMakeCCompilerABI.c.o -c /usr/share/cmake-3.22/Modules/CMakeCCompilerABI.c]
  ignore line: [Using built-in specs.]
  ignore line: [COLLECT_GCC=/usr/bin/cc]
  ignore line: [OFFLOAD_TARGET_NAMES=nvptx-none:amdgcn-amdhsa]
  ignore line: [OFFLOAD_TARGET_DEFAULT=1]
  ignore line: [Target: x86_64-linux-gnu]
  ignore line: [Configured with: ../src/configure -v --with-pkgversion='Ubuntu 11.4.0-1ubuntu1~22.04.2' --with-bugurl=file:///usr/share/doc/gcc-11/README.Bugs --enable-languages=c ada c++ go brig d fortran objc obj-c++ m2 --prefix=/usr --with-gcc-major-version-only --program-suffix=-11 --program-prefix=x86_64-linux-gnu- --enable-shared --enable-linker-build-id --libexecdir=/usr/lib --without-included-gettext --enable-threads=posix --libdir=/usr/lib --enable-nls --enable-bootstrap --enable-clocale=gnu --enable-libstdcxx-debug --enable-libstdcxx-time=yes --with-default-libstdcxx-abi=new --enable-gnu-unique-object --disable-vtable-verify --enable-plugin --enable-default-pie --with-system-zlib --enable-libphobos-checking=release --with-target-system-zlib=auto --enable-objc-gc=auto --enable-multiarch --disable-werror --enable-cet --with-arch-32=i686 --with-abi=m64 --with-multilib-list=m32 m64 mx32 --enable-multilib --with-tune=generic --enable-offload-targets=nvptx-none=/build/gcc-11-2Y5pKs/gcc-11-11.4.0/debian/tmp-nvptx/usr amdgcn-amdhsa=/build/gcc-11-2Y5pKs/gcc-11-11.4.0/debian/tmp-gcn/usr --without-cuda-driver --enable-checking=release --build=x86_64-linux-gnu --host=x86_64-linux-gnu --target=x86_64-linux-gnu --with-build-config=bootstrap-lto-lean --enable-link-serialization=2]
  ignore line: [Thread model: posix]
  ignore line: [Supported LTO compression algorithms: zlib zstd]
  ignore line: [gcc version 11.4.0 (Ubuntu 11.4.0-1ubuntu1~22.04.2) ]
  ignore line: [COLLECT_GCC_OPTIONS='-v' '-o' 'CMakeFiles/cmTC_912d1.dir/CMakeCCompilerABI.c.o' '-c' '-mtune=generic' '-march=x86-64' '-dumpdir' 'CMakeFiles/cmTC_912d1.dir/']
  ignore line: [ /usr/lib/gcc/x86_64-linux-gnu/11/cc1 -quiet -v -imultiarch x86_64-linux-gnu /usr/share/cmake-3.22/Modules/CMakeCCompilerABI.c -quiet -dumpdir CMakeFiles/cmTC_912d1.dir/ -dumpbase CMakeCCompilerABI.c.c -dumpbase-ext .c -mtune=generic -march=x86-64 -version -fasynchronous-unwind-tables -fstack-protector-strong -Wformat -Wformat-security -fstack-clash-protection -fcf-protection -o /tmp/cc8gjWCJ.s]
  ignore line: [GNU C17 (Ubuntu 11.4.0-1ubuntu1~22.04.2) version 11.4.0 (x86_64-linux-gnu)]
  ignore line: [	compiled by GNU C version 11.4.0  GMP version 6.2.1  MPFR version 4.1.0  MPC version 1.2.1  isl version isl-0.24-GMP]
  ignore line: []
  ignore line: [GGC heuristics: --param ggc-min-expand=100 --param ggc-min-heapsize=131072]
  ignore line: [ignoring nonexistent directory "/usr/local/include/x86_64-linux-gnu"]
  ignore line: [ignoring nonexistent directory "/usr/lib/gcc/x86_64-linux-gnu/11/include-fixed"]
  ignore line: [ignoring nonexistent directory "/usr/lib/gcc/x86_64-linux-gnu/11/../../../../x86_64-linux-gnu/include"]
  ignore line: [#include "..." search starts here:]
  ignore line: [#include <...> search starts here:]
  ignore line: [ /usr/lib/gcc/x86_64-linux-gnu/11/include]
  ignore line: [ /usr/local/include]
  ignore line: [ /usr/include/x86_64-linux-gnu]
  ignore line: [ /usr/include]
  ignore line: [End of search list.]
  ignore line: [GNU C17 (Ubuntu 11.4.0-1ubuntu1~22.04.2) version 11.4.0 (x86_64-linux-gnu)]
  ignore line: [	compiled by GNU C version 11.4.0  GMP version 6.2.1  MPFR version 4.1.0  MPC version 1.2.1  isl version isl-0.24-GMP]
  ignore line: []
  ignore line: [GGC heuristics: --param ggc-min-expand=100 --param ggc-min-heapsize=131072]
  ignore line: [Compiler executable checksum: 4011c2103cba78949d7e02d0f0047a3d]
  ignore line: [COLLECT_GCC_OPTIONS='-v' '-o' 'CMakeFiles/cmTC_912d1.dir/CMakeCCompilerABI.c.o' '-c' '-mtune=generic' '-march=x86-64' '-dumpdir' 'CMakeFiles/cmTC_912d1.dir/']
  ignore line: [ as -v --64 -o CMakeFiles/cmTC_912d1.dir/CMakeCCompilerABI.c.o /tmp/cc8gjWCJ.s]
  ignore line: [GNU assembler version 2.38 (x86_64-linux-gnu) using BFD version (GNU Binutils for Ubuntu) 2.38]
  ignore line: [COMPILER_PATH=/usr/lib/gcc/x86_64-linux-gnu/11/:/usr/lib/gcc/x86_64-linux-gnu/11/:/usr/lib/gcc/x86_64-linux-gnu/:/usr/lib/gcc/x86_64-linux-gnu/11/:/usr/lib/gcc/x86_64-linux-gnu/]
  ignore line: [LIBRARY_PATH=/usr/lib/gcc/x86_64-linux-gnu/11/:/usr/lib/gcc/x86_64-linux-gnu/11/../../../x86_64-linux-gnu/:/usr/lib/gcc/x86_64-linux-gnu/11/../../../../lib/:/lib/x86_64-linux-gnu/:/lib/../lib/:/usr/lib/x86_64-linux-gnu/:/usr/lib/../lib/:/usr/lib/gcc/x86_64-linux-gnu/11/../../../:/lib/:/usr/lib/]
  ignore line: [COLLECT_GCC_OPTIONS='-v' '-o' 'CMakeFiles/cmTC_912d1.dir/CMakeCCompilerABI.c.o' '-c' '-mtune=generic' '-march=x86-64' '-dumpdir' 'CMakeFiles/cmTC_912d1.dir/CMakeCCompilerABI.c.']
  ignore line: [Linking C executable cmTC_912d1]
  ignore line: [/usr/bin/cmake -E cmake_link_script CMakeFiles/cmTC_912d1.dir/link.txt --verbose=1]
  ignore line: [/usr/bin/cc  -v CMakeFiles/cmTC_912d1.dir/CMakeCCompilerABI.c.o -o cmTC_912d1 ]
  ignore line: [Using built-in specs.]
  ignore line: [COLLECT_GCC=/usr/bin/cc]
  ignore line: [COLLECT_LTO_WRAPPER=/usr/lib/gcc/x86_64-linux-gnu/11/lto-wrapper]
  ignore line: [OFFLOAD_TARGET_NAMES=nvptx-none:amdgcn-amdhsa]
  ignore line: [OFFLOAD_TARGET_DEFAULT=1]
  ignore line: [Target: x86_64-linux-gnu]
  ignore line: [Configured with: ../src/configure -v --with-pkgversion='Ubuntu 11.4.0-1ubuntu1~22.04.2' --with-bugurl=file:///usr/share/doc/gcc-11/README.Bugs --enable-languages=c ada c++ go brig d fortran objc obj-c++ m2 --prefix=/usr --with-gcc-major-version-only --program-suffix=-11 --program-prefix=x86_64-linux-gnu- --enable-shared --enable-linker-build-id --libexecdir=/usr/lib --without-included-gettext --enable-threads=posix --libdir=/usr/lib --enable-nls --enable-bootstrap --enable-clocale=gnu --enable-libstdcxx-debug --enable-libstdcxx-time=yes --with-default-libstdcxx-abi=new --enable-gnu-unique-object --disable-vtable-verify --enable-plugin --enable-default-pie --with-system-zlib --enable-libphobos-checking=release --with-target-system-zlib=auto --enable-objc-gc=auto --enable-multiarch --disable-werror --enable-cet --with-arch-32=i686 --with-abi=m64 --with-multilib-list=m32 m64 mx32 --enable-multilib --with-tune=generic --enable-offload-targets=nvptx-none=/build/gcc-11-2Y5pKs/gcc-11-11.4.0/debian/tmp-nvptx/usr amdgcn-amdhsa=/build/gcc-11-2Y5pKs/gcc-11-11.4.0/debian/tmp-gcn/usr --without-cuda-driver --enable-checking=release --build=x86_64-linux-gnu --host=x86_64-linux-gnu --target=x86_64-linux-gnu --with-build-config=bootstrap-lto-lean --enable-link-serialization=2]
  ignore line: [Thread model: posix]
  ignore line: [Supported LTO compression algorithms: zlib zstd]
  ignore line: [gcc version 11.4.0 (Ubuntu 11.4.0-1ubuntu1~22.04.2) ]
  ignore line: [COMPILER_PATH=/usr/lib/gcc/x86_64-linux-gnu/11/:/usr/lib/gcc/x86_64-linux-gnu/11/:/usr/lib/gcc/x86_64-linux-gnu/:/usr/lib/gcc/x86_64-linux-gnu/11/:/usr/lib/gcc/x86_64-linux-gnu/]
  ignore line: [LIBRARY_PATH=/usr/lib/gcc/x86_64-linux-gnu/11/:/usr/lib/gcc/x86_64-linux-gnu/11/../../../x86_64-linux-gnu/:/usr/lib/gcc/x86_64-linux-gnu/11/../../../../lib/:/lib/x86_64-linux-gnu/:/lib/../lib/:/usr/lib/x86_64-linux-gnu/:/usr/lib/../lib/:/usr/lib/gcc/x86_64-linux-gnu/11/../../../:/lib/:/usr/lib/]
  ignore line: [COLLECT_GCC_OPTIONS='-v' '-o' 'cmTC_912d1' '-mtune=generic' '-march=x86-64' '-dumpdir' 'cmTC_912d1.']
  link line: [ /usr/lib/gcc/x86_64-linux-gnu/11/collect2 -plugin /usr/lib/gcc/x86_64-linux-gnu/11/liblto_plugin.so -plugin-opt=/usr/lib/gcc/x86_64-linux-gnu/11/lto-wrapper -plugin-opt=-fresolution=/tmp/ccMkJc9p.res -plugin-opt=-pass-through=-lgcc -plugin-opt=-pass-through=-lgcc_s -plugin-opt=-pass-through=-lc -plugin-opt=-pass-through=-lgcc -plugin-opt=-pass-through=-lgcc_s --build-id --eh-frame-hdr -m elf_x86_64 --hash-style=gnu --as-needed -dynamic-linker /lib64/ld-linux-x86-64.so.2 -pie -z now -z relro -o cmTC_912d1 /usr/lib/gcc/x86_64-linux-gnu/11/../../../x86_64-linux-gnu/Scrt1.o /usr/lib/gcc/x86_64-linux-gnu/11/../../../x86_64-linux-gnu/crti.o /usr/lib/gcc/x86_64-linux-gnu/11/crtbeginS.o -L/usr/lib/gcc/x86_64-linux-gnu/11 -L/usr/lib/gcc/x86_64-linux-gnu/11/../../../x86_64-linux-gnu -L/usr/lib/gcc/x86_64-linux-gnu/11/../../../../lib -L/lib/x86_64-linux-gnu -L/lib/../lib -L/usr/lib/x86_64-linux-gnu -L/usr/lib/../lib -L/usr/lib/gcc/x86_64-linux-gnu/11/../../.. CMakeFiles/cmTC_912d1.dir/CMakeCCompilerABI.c.o -lgcc --push-state --as-needed -lgcc_s --pop-state -lc -lgcc --push-state --as-needed -lgcc_s --pop-state /usr/lib/gcc/x86_64-linux-gnu/11/crtendS.o /usr/lib/gcc/x86_64-linux-gnu/11/../../../x86_64-linux-gnu/crtn.o]
    arg [/usr/lib/gcc/x86_64-linux-gnu/11/collect2] ==> ignore
    arg [-plugin] ==> ignore
    arg [/usr/lib/gcc/x86_64-linux-gnu/11/liblto_plugin.so] ==> ignore
    arg [-plugin-opt=/usr/lib/gcc/x86_64-linux-gnu/11/lto-wrapper] ==> ignore
    arg [-plugin-opt=-fresolution=/tmp/ccMkJc9p.res] ==> ignore
    arg [-plugin-opt=-pass-through=-lgcc] ==> ignore
    arg [-plugin-opt=-pass-through=-lgcc_s] ==> ignore
    arg [-plugin-opt=-pass-through=-lc] ==> ignore
    arg [-plugin-opt=-pass-through=-lgcc] ==> ignore
    arg [-plugin-opt=-pass-through=-lgcc_s] ==> ignore
    arg [--build-id] ==> ignore
    arg [--eh-frame-hdr] ==> ignore
    arg [-m] ==> ignore
    arg [elf_x86_64] ==> ignore
    arg [--hash-style=gnu] ==> ignore
    arg [--as-needed] ==> ignore
    arg [-dynamic-linker] ==> ignore
    arg [/lib64/ld-linux-x86-64.so.2] ==> ignore
    arg [-pie] ==> ignore
    arg [-znow] ==> ignore
    arg [-zrelro] ==> ignore
    arg [-o] ==> ignore
    arg [cmTC_912d1] ==> ignore
    arg [/usr/lib/gcc/x86_64-linux-gnu/11/../../../x86_64-linux-gnu/Scrt1.o] ==> obj [/usr/lib/gcc/x86_64-linux-gnu/11/../../../x86_64-linux-gnu/Scrt1.o]
    arg [/usr/lib/gcc/x86_64-linux-gnu/11/../../../x86_64-linux-gnu/crti.o] ==> obj [/usr/lib/gcc/x86_64-linux-gnu/11/../../../x86_64-linux-gnu/crti.o]
    arg [/usr/lib/gcc/x86_64-linux-gnu/11/crtbeginS.o] ==> obj [/usr/lib/gcc/x86_64-linux-gnu/11/crtbeginS.o]
    arg [-L/usr/lib/gcc/x86_64-linux-gnu/11] ==> dir [/usr/lib/gcc/x86_64-linux-gnu/11]
    arg [-L/usr/lib/gcc/x86_64-linux-gnu/11/../../../x86_64-linux-gnu] ==> dir [/usr/lib/gcc/x86_64-linux-gnu/11/../../../x86_64-linux-gnu]
    arg [-L/usr/lib/gcc/x86_64-linux-gnu/11/../../../../lib] ==> dir [/usr/lib/gcc/x86_64-linux-gnu/11/../../../../lib]
    arg [-L/lib/x86_64-linux-gnu] ==> dir [/lib/x86_64-linux-gnu]
    arg [-L/lib/../lib] ==> dir [/lib/../lib]
    arg [-L/usr/lib/x86_64-linux-gnu] ==> dir [/usr/lib/x86_64-linux-gnu]
    arg [-L/usr/lib/../lib] ==> dir [/usr/lib/../lib]
    arg [-L/usr/lib/gcc/x86_64-linux-gnu/11/../../..] ==> dir [/usr/lib/gcc/x86_64-linux-gnu/11/../../..]
    arg [CMakeFiles/cmTC_912d1.dir/CMakeCCompilerABI.c.o] ==> ignore
    arg [-lgcc] ==> lib [gcc]
    arg [--push-state] ==> ignore
    arg [--as-needed] ==> ignore
    arg [-lgcc_s] ==> lib [gcc_s]
    arg [--pop-state] ==> ignore
    arg [-lc] ==> lib [c]
    arg [-lgcc] ==> lib [gcc]
    arg [--push-state] ==> ignore
    arg [--as-needed] ==> ignore
    arg [-lgcc_s] ==> lib [gcc_s]
    arg [--pop-state] ==> ignore
    arg [/usr/lib/gcc/x86_64-linux-gnu/11/crtendS.o] ==> obj [/usr/lib/gcc/x86_64-linux-gnu/11/crtendS.o]
    arg [/usr/lib/gcc/x86_64-linux-gnu/11/../../../x86_64-linux-gnu/crtn.o] ==> obj [/usr/lib/gcc/x86_64-linux-gnu/11/../../../x86_64-linux-gnu/crtn.o]
  collapse obj [/usr/lib/gcc/x86_64-linux-gnu/11/../../../x86_64-linux-gnu/Scrt1.o] ==> [/usr/lib/x86_64-linux-gnu/Scrt1.o]
  collapse obj [/usr/lib/gcc/x86_64-linux-gnu/11/../../../x86_64-linux-gnu/crti.o] ==> [/usr/lib/x86_64-linux-gnu/crti.o]
  collapse obj [/usr/lib/gcc/x86_64-linux-gnu/11/../../../x86_64-linux-gnu/crtn.o] ==> [/usr/lib/x86_64-linux-gnu/crtn.o]
  collapse library dir [/usr/lib/gcc/x86_64-linux-gnu/11] ==> [/usr/lib/gcc/x86_64-linux-gnu/11]
  collapse library dir [/usr/lib/gcc/x86_64-linux-gnu/11/../../../x86_64-linux-gnu] ==> [/usr/lib/x86_64-linux-gnu]
  collapse library dir [/usr/lib/gcc/x86_64-linux-gnu/11/../../../../lib] ==> [/usr/lib]
  collapse library dir [/lib/x86_64-linux-gnu] ==> [/lib/x86_64-linux-gnu]
  collapse library dir [/lib/../lib] ==> [/lib]
  collapse library dir [/usr/lib/x86_64-linux-gnu] ==> [/usr/lib/x86_64-linux-gnu]
  collapse library dir [/usr/lib/../lib] ==> [/usr/lib]
  collapse library dir [/usr/lib/gcc/x86_64-linux-gnu/11/../../..] ==> [/usr/lib]
  implicit libs: [gcc;gcc_s;c;gcc;gcc_s]
  implicit objs: [/usr/lib/x86_64-linux-gnu/Scrt1.o;/usr/lib/x86_64-linux-gnu/crti.o;/usr/lib/gcc/x86_64-linux-gnu/11/crtbeginS.o;/usr/lib/gcc/x86_64-linux-gnu/11/crtendS.o;/usr/lib/x86_64-linux-gnu/crtn.o]
  implicit dirs: [/usr/lib/gcc/x86_64-linux-gnu/11;/usr/lib/x86_64-linux-gnu;/usr/lib;/lib/x86_64-linux-gnu;/lib]
  implicit fwks: []


Performing C SOURCE FILE Test FLAG_SUPPORTED_stdc89 succeeded with the following output:
Change Dir: /home/fyang151/cdiff/build/CMakeFiles/CMakeTmp

Run Build Command(s):/usr/bin/gmake -f Makefile cmTC_34065/fast && gmake[1]: Entering directory '/home/fyang151/cdiff/build/CMakeFiles/CMakeTmp'
/usr/bin/gmake  -f CMakeFiles/cmTC_34065.dir/build.make CMakeFiles/cmTC_34065.dir/build
gmake[2]: Entering directory '/home/fyang151/cdiff/build/CMakeFiles/CMakeTmp'
Building C object CMakeFiles/cmTC_34065.dir/src.c.o
/usr/bin/cc -DFLAG_SUPPORTED_stdc89  -std=c89 -o CMakeFiles/cmTC_34065.dir/src.c.o -c /home/fyang151/cdiff/build/CMakeFiles/CMakeTmp/src.c
Linking C executable cmTC_34065
/usr/bin/cmake -E cmake_link_script CMakeFiles/cmTC_34065.dir/link.txt --verbose=1
/usr/bin/cc -rdynamic CMakeFiles/cmTC_34065.dir/src.c.o -o cmTC_34065 
gmake[2]: Leaving directory '/home/fyang151/cdiff/build/CMakeFiles/CMakeTmp'
gmake[1]: Leaving directory '/home/fyang151/cdiff/build/CMakeFiles/CMakeTmp'


Source file was:
int main(void) { return 0; }
Performing C SOURCE FILE Test FLAG_SUPPORTED_pedantic succeeded with the following output:
Change Dir: /home/fyang151/cdiff/build/CMakeFiles/CMakeTmp

Run Build Command(s):/usr/bin/gmake -f Makefile cmTC_496a7/fast && gmake[1]: Entering directory '/home/fyang151/cdiff/build/CMakeFiles/CMakeTmp'
/usr/bin/gmake  -f CMakeFiles/cmTC_496a7.dir/build.make CMakeFiles/cmTC_496a7.dir/build
gmake[2]: Entering directory '/home/fyang151/cdiff/build/CMakeFiles/CMakeTmp'
Building C object CMakeFiles/cmTC_496a7.dir/src.c.o
/usr/bin/cc -DFLAG_SUPPORTED_pedantic  -std=c89    -pedantic -o CMakeFiles/cmTC_496a7.dir/src.c.o -c /home/fyang151/cdiff/build/CMakeFiles/CMakeTmp/src.c
Linking C executable cmTC_496a7
/usr/bin/cmake -E cmake_link_script CMakeFiles/cmTC_496a7.dir/link.txt --verbose=1
/usr/bin/cc  -std=c89  -rdynamic CMakeFiles/cmTC_496a7.dir/src.c.o -o cmTC_496a7 
gmake[2]: Leaving directory '/home/fyang151/cdiff/build/CMakeFiles/CMakeTmp'
gmake[1]: Leaving directory '/home/fyang151/cdiff/build/CMakeFiles/CMakeTmp'


Source file was:
int main(void) { return 0; }
Performing C SOURCE FILE Test FLAG_SUPPORTED_Wall succeeded with the following output:
Change Dir: /home/fyang151/cdiff/build/CMakeFiles/CMakeTmp

Run Build Command(s):/usr/bin/gmake -f Makefile cmTC_d964b/fast && gmake[1]: Entering directory '/home/fyang151/cdiff/build/CMakeFiles/CMakeTmp'
/usr/bin/gmake  -f CMakeFiles/cmTC_d964b.dir/build.make CMakeFiles/cmTC_d964b.dir/build
gmake[2]: Entering directory '/home/fyang151/cdiff/build/CMakeFiles/CMakeTmp'
Building C object CMakeFiles/cmTC_d964b.dir/src.c.o
/usr/bin/cc -DFLAG_SUPPORTED_Wall  -std=c89 -pedantic    -Wall -o CMakeFiles/cmTC_d964b.dir/src.c.o -c /home/fyang151/cdiff/build/CMakeFiles/CMakeTmp/src.c
Linking C executable cmTC_d964b
/usr/bin/cmake -E cmake_link_script CMakeFiles/cmTC_d964b.dir/link.txt --verbose=1
/usr/bin/cc  -std=c89 -pedantic  -rdynamic CMakeFiles/cmTC_d964b.dir/src.c.o -o cmTC_d964b 
gmake[2]: Leaving directory '/home/fyang151/cdiff/build/CMakeFiles/CMakeTmp'
gmake[1]: Leaving directory '/home/fyang151/cdiff/build/CMakeFiles/CMakeTmp'


Source file was:
int main(void) { return 0; }
Performing C SOURCE FILE Test FLAG_SUPPORTED_Wextra succeeded with the following output:
Change Dir: /home/fyang151/cdiff/build/CMakeFiles/CMakeTmp

Run Build Command(s):/usr/bin/gmake -f Makefile cmTC_e85b8/fast && gmake[1]: Entering directory '/home/fyang151/cdiff/build/CMakeFiles/CMakeTmp'
/usr/bin/gmake  -f CMakeFiles/cmTC_e85b8.dir/build.make CMakeFiles/cmTC_e85b8.dir/build
gmake[2]: Entering directory '/home/fyang151/cdiff/build/CMakeFiles/CMakeTmp'
Building C object CMakeFiles/cmTC_e85b8.dir/src.c.o
/usr/bin/cc -DFLAG_SUPPORTED_Wextra  -std=c89 -pedantic -Wall    -Wextra -o CMakeFiles/cmTC_e85b8.dir/src.c.o -c /home/fyang151/cdiff/build/CMakeFiles/CMakeTmp/src.c
Linking C executable cmTC_e85b8
/usr/bin/cmake -E cmake_link_script CMakeFiles/cmTC_e85b8.dir/link.txt --verbose=1
/usr/bin/cc  -std=c89 -pedantic -Wall  -rdynamic CMakeFiles/cmTC_e85b8.dir/src.c.o -o cmTC_e85b8 
gmake[2]: Leaving directory '/home/fyang151/cdiff/build/CMakeFiles/CMakeTmp'
gmake[1]: Leaving directory '/home/fyang151/cdiff/build/CMakeFiles/CMakeTmp'


Source file was:
int main(void) { return 0; }
Performing C SOURCE FILE Test FLAG_SUPPORTED_Werror succeeded with the following output:
Change Dir: /home/fyang151/cdiff/build/CMakeFiles/CMakeTmp

Run Build Command(s):/usr/bin/gmake -f Makefile cmTC_bee9c/fast && gmake[1]: Entering directory '/home/fyang151/cdiff/build/CMakeFiles/CMakeTmp'
/usr/bin/gmake  -f CMakeFiles/cmTC_bee9c.dir/build.make CMakeFiles/cmTC_bee9c.dir/build
gmake[2]: Entering directory '/home/fyang151/cdiff/build/CMakeFiles/CMakeTmp'
Building C object CMakeFiles/cmTC_bee9c.dir/src.c.o
/usr/bin/cc -DFLAG_SUPPORTED_Werror  -std=c89 -pedantic -Wall -Wextra    -Werror -o CMakeFiles/cmTC_bee9c.dir/src.c.o -c /home/fyang151/cdiff/build/CMakeFiles/CMakeTmp/src.c
Linking C executable cmTC_bee9c
/usr/bin/cmake -E cmake_link_script CMakeFiles/cmTC_bee9c.dir/link.txt --verbose=1
/usr/bin/cc  -std=c89 -pedantic -Wall -Wextra  -rdynamic CMakeFiles/cmTC_bee9c.dir/src.c.o -o cmTC_bee9c 
gmake[2]: Leaving directory '/home/fyang151/cdiff/build/CMakeFiles/CMakeTmp'
gmake[1]: Leaving directory '/home/fyang151/cdiff/build/CMakeFiles/CMakeTmp'


Source file was:
int main(void) { return 0; }
Performing C SOURCE FILE Test FLAG_SUPPORTED_Wstrictprototypes succeeded with the following output:
Change Dir: /home/fyang151/cdiff/build/CMakeFiles/CMakeTmp

Run Build Command(s):/usr/bin/gmake -f Makefile cmTC_6d543/fast && gmake[1]: Entering directory '/home/fyang151/cdiff/build/CMakeFiles/CMakeTmp'
/usr/bin/gmake  -f CMakeFiles/cmTC_6d543.dir/build.make CMakeFiles/cmTC_6d543.dir/build
gmake[2]: Entering directory '/home/fyang151/cdiff/build/CMakeFiles/CMakeTmp'
Building C object CMakeFiles/cmTC_6d543.dir/src.c.o
/usr/bin/cc -DFLAG_SUPPORTED_Wstrictprototypes  -std=c89 -pedantic -Wall -Wextra -Werror    -Wstrict-prototypes -o CMakeFiles/cmTC_6d543.dir/src.c.o -c /home/fyang151/cdiff/build/CMakeFiles/CMakeTmp/src.c
Linking C executable cmTC_6d543
/usr/bin/cmake -E cmake_link_script CMakeFiles/cmTC_6d543.dir/link.txt --verbose=1
/usr/bin/cc  -std=c89 -pedantic -Wall -Wextra -Werror  -rdynamic CMakeFiles/cmTC_6d543.dir/src.c.o -o cmTC_6d543 
gmake[2]: Leaving directory '/home/fyang151/cdiff/build/CMakeFiles/CMakeTmp'
gmake[1]: Leaving directory '/home/fyang151/cdiff/build/CMakeFiles/CMakeTmp'


Source file was:
int main(void) { return 0; }
Performing C SOURCE FILE Test FLAG_SUPPORTED_Wwritestrings succeeded with the following output:
Change Dir: /home/fyang151/cdiff/build/CMakeFiles/CMakeTmp

Run Build Command(s):/usr/bin/gmake -f Makefile cmTC_98a45/fast && gmake[1]: Entering directory '/home/fyang151/cdiff/build/CMakeFiles/CMakeTmp'
/usr/bin/gmake  -f CMakeFiles/cmTC_98a45.dir/build.make CMakeFiles/cmTC_98a45.dir/build
gmake[2]: Entering directory '/home/fyang151/cdiff/build/CMakeFiles/CMakeTmp'
Building C object CMakeFiles/cmTC_98a45.dir/src.c.o
/usr/bin/cc -DFLAG_SUPPORTED_Wwritestrings  -std=c89 -pedantic -Wall -Wextra -Werror -Wstrict-prototypes    -Wwrite-strings -o CMakeFiles/cmTC_98a45.dir/src.c.o -c /home/fyang151/cdiff/build/CMakeFiles/CMakeTmp/src.c
Linking C executable cmTC_98a45
/usr/bin/cmake -E cmake_link_script CMakeFiles/cmTC_98a45.dir/link.txt --verbose=1
/usr/bin/cc  -std=c89 -pedantic -Wall -Wextra -Werror -Wstrict-prototypes  -rdynamic CMakeFiles/cmTC_98a45.dir/src.c.o -o cmTC_98a45 
gmake[2]: Leaving directory '/home/fyang151/cdiff/build/CMakeFiles/CMakeTmp'
gmake[1]: Leaving directory '/home/fyang151/cdiff/build/CMakeFiles/CMakeTmp'


Source file was:
int main(void) { return 0; }
Performing C SOURCE FILE Test FLAG_SUPPORTED_Wshadow succeeded with the following output:
Change Dir: /home/fyang151/cdiff/build/CMakeFiles/CMakeTmp

Run Build Command(s):/usr/bin/gmake -f Makefile cmTC_a6aaf/fast && gmake[1]: Entering directory '/home/fyang151/cdiff/build/CMakeFiles/CMakeTmp'
/usr/bin/gmake  -f CMakeFiles/cmTC_a6aaf.dir/build.make CMakeFiles/cmTC_a6aaf.dir/build
gmake[2]: Entering directory '/home/fyang151/cdiff/build/CMakeFiles/CMakeTmp'
Building C object CMakeFiles/cmTC_a6aaf.dir/src.c.o
/usr/bin/cc -DFLAG_SUPPORTED_Wshadow  -std=c89 -pedantic -Wall -Wextra -Werror -Wstrict-prototypes -Wwrite-strings    -Wshadow -o CMakeFiles/cmTC_a6aaf.dir/src.c.o -c /home/fyang151/cdiff/build/CMakeFiles/CMakeTmp/src.c
Linking C executable cmTC_a6aaf
/usr/bin/cmake -E cmake_link_script CMakeFiles/cmTC_a6aaf.dir/link.txt --verbose=1
/usr/bin/cc  -std=c89 -pedantic -Wall -Wextra -Werror -Wstrict-prototypes -Wwrite-strings  -rdynamic CMakeFiles/cmTC_a6aaf.dir/src.c.o -o cmTC_a6aaf 
gmake[2]: Leaving directory '/home/fyang151/cdiff/build/CMakeFiles/CMakeTmp'
gmake[1]: Leaving directory '/home/fyang151/cdiff/build/CMakeFiles/CMakeTmp'


Source file was:
int main(void) { return 0; }
Performing C SOURCE FILE Test FLAG_SUPPORTED_Winitself succeeded with the following output:
Change Dir: /home/fyang151/cdiff/build/CMakeFiles/CMakeTmp

Run Build Command(s):/usr/bin/gmake -f Makefile cmTC_4b349/fast && gmake[1]: Entering directory '/home/fyang151/cdiff/build/CMakeFiles/CMakeTmp'
/usr/bin/gmake  -f CMakeFiles/cmTC_4b349.dir/build.make CMakeFiles/cmTC_4b349.dir/build
gmake[2]: Entering directory '/home/fyang151/cdiff/build/CMakeFiles/CMakeTmp'
Building C object CMakeFiles/cmTC_4b349.dir/src.c.o
/usr/bin/cc -DFLAG_SUPPORTED_Winitself  -std=c89 -pedantic -Wall -Wextra -Werror -Wstrict-prototypes -Wwrite-strings -Wshadow    -Winit-self -o CMakeFiles/cmTC_4b349.dir/src.c.o -c /home/fyang151/cdiff/build/CMakeFiles/CMakeTmp/src.c
Linking C executable cmTC_4b349
/usr/bin/cmake -E cmake_link_script CMakeFiles/cmTC_4b349.dir/link.txt --verbose=1
/usr/bin/cc  -std=c89 -pedantic -Wall -Wextra -Werror -Wstrict-prototypes -Wwrite-strings -Wshadow  -rdynamic CMakeFiles/cmTC_4b349.dir/src.c.o -o cmTC_4b349 
gmake[2]: Leaving directory '/home/fyang151/cdiff/build/CMakeFiles/CMakeTmp'
gmake[1]: Leaving directory '/home/fyang151/cdiff/build/CMakeFiles/CMakeTmp'


Source file was:
int main(void) { return 0; }
Performing C SOURCE FILE Test FLAG_SUPPORTED_Wcastalign succeeded with the following output:
Change Dir: /home/fyang151/cdiff/build/CMakeFiles/CMakeTmp

Run Build Command(s):/usr/bin/gmake -f Makefile cmTC_c8553/fast && gmake[1]: Entering directory '/home/fyang151/cdiff/build/CMakeFiles/CMakeTmp'
/usr/bin/gmake  -f CMakeFiles/cmTC_c8553.dir/build.make CMakeFiles/cmTC_c8553.dir/build
gmake[2]: Entering directory '/home/fyang151/cdiff/build/CMakeFiles/CMakeTmp'
Building C object CMakeFiles/cmTC_c8553.dir/src.c.o
/usr/bin/cc -DFLAG_SUPPORTED_Wcastalign  -std=c89 -pedantic -Wall -Wextra -Werror -Wstrict-prototypes -Wwrite-strings -Wshadow -Winit-self    -Wcast-align -o CMakeFiles/cmTC_c8553.dir/src.c.o -c /home/fyang151/cdiff/build/CMakeFiles/CMakeTmp/src.c
Linking C executable cmTC_c8553
/usr/bin/cmake -E cmake_link_script CMakeFiles/cmTC_c8553.dir/link.txt --verbose=1
/usr/bin/cc  -std=c89 -pedantic -Wall -Wextra -Werror -Wstrict-prototypes -Wwrite-strings -Wshadow -Winit-self  -rdynamic CMakeFiles/cmTC_c8553.dir/src.c.o -o cmTC_c8553 
gmake[2]: Leaving directory '/home/fyang151/cdiff/build/CMakeFiles/CMakeTmp'
gmake[1]: Leaving directory '/home/fyang151/cdiff/build/CMakeFiles/CMakeTmp'


Source file was:
int main(void) { return 0; }
Performing C SOURCE FILE Test FLAG_SUPPORTED_Wformat2 succeeded with the following output:
Change Dir: /home/fyang151/cdiff/build/CMakeFiles/CMakeTmp

Run Build Command(s):/usr/bin/gmake -f Makefile cmTC_6b427/fast && gmake[1]: Entering directory '/home/fyang151/cdiff/build/CMakeFiles/CMakeTmp'
/usr/bin/gmake  -f CMakeFiles/cmTC_6b427.dir/build.make CMakeFiles/cmTC_6b427.dir/build
gmake[2]: Entering directory '/home/fyang151/cdiff/build/CMakeFiles/CMakeTmp'
Building C object CMakeFiles/cmTC_6b427.dir/src.c.o
/usr/bin/cc -DFLAG_SUPPORTED_Wformat2  -std=c89 -pedantic -Wall -Wextra -Werror -Wstrict-prototypes -Wwrite-strings -Wshadow -Winit-self -Wcast-align    -Wformat=2 -o CMakeFiles/cmTC_6b427.dir/src.c.o -c /home/fyang151/cdiff/build/CMakeFiles/CMakeTmp/src.c
Linking C executable cmTC_6b427
/usr/bin/cmake -E cmake_link_script CMakeFiles/cmTC_6b427.dir/link.txt --verbose=1
/usr/bin/cc  -std=c89 -pedantic -Wall -Wextra -Werror -Wstrict-prototypes -Wwrite-strings -Wshadow -Winit-self -Wcast-align  -rdynamic CMakeFiles/cmTC_6b427.dir/src.c.o -o cmTC_6b427 
gmake[2]: Leaving directory '/home/fyang151/cdiff/build/CMakeFiles/CMakeTmp'
gmake[1]: Leaving directory '/home/fyang151/cdiff/build/CMakeFiles/CMakeTmp'


Source file was:
int main(void) { return 0; }
Performing C SOURCE FILE Test FLAG_SUPPORTED_Wmissingprototypes succeeded with the following output:
Change Dir: /home/fyang151/cdiff/build/CMakeFiles/CMakeTmp

Run Build Command(s):/usr/bin/gmake -f Makefile cmTC_62999/fast && gmake[1]: Entering directory '/home/fyang151/cdiff/build/CMakeFiles/CMakeTmp'
/usr/bin/gmake  -f CMakeFiles/cmTC_62999.dir/build.make CMakeFiles/cmTC_62999.dir/build
gmake[2]: Entering directory '/home/fyang151/cdiff/build/CMakeFiles/CMakeTmp'
Building C object CMakeFiles/cmTC_62999.dir/src.c.o
/usr/bin/cc -DFLAG_SUPPORTED_Wmissingprototypes  -std=c89 -pedantic -Wall -Wextra -Werror -Wstrict-prototypes -Wwrite-strings -Wshadow -Winit-self -Wcast-align -Wformat=2    -Wmissing-prototypes -o CMakeFiles/cmTC_62999.dir/src.c.o -c /home/fyang151/cdiff/build/CMakeFiles/CMakeTmp/src.c
Linking C executable cmTC_62999
/usr/bin/cmake -E cmake_link_script CMakeFiles/cmTC_62999.dir/link.txt --verbose=1
/usr/bin/cc  -std=c89 -pedantic -Wall -Wextra -Werror -Wstrict-prototypes -Wwrite-strings -Wshadow -Winit-self -Wcast-align -Wformat=2  -rdynamic CMakeFiles/cmTC_62999.dir/src.c.o -o cmTC_62999 
gmake[2]: Leaving directory '/home/fyang151/cdiff/build/CMakeFiles/CMakeTmp'
gmake[1]: Leaving directory '/home/fyang151/cdiff/build/CMakeFiles/CMakeTmp'


Source file was:
int main(void) { return 0; }
Performing C SOURCE FILE Test FLAG_SUPPORTED_Wstrictoverflow2 succeeded with the following output:
Change Dir: /home/fyang151/cdiff/build/CMakeFiles/CMakeTmp

Run Build Command(s):/usr/bin/gmake -f Makefile cmTC_bf1ec/fast && gmake[1]: Entering directory '/home/fyang151/cdiff/build/CMakeFiles/CMakeTmp'
/usr/bin/gmake  -f CMakeFiles/cmTC_bf1ec.dir/build.make CMakeFiles/cmTC_bf1ec.dir/build
gmake[2]: Entering directory '/home/fyang151/cdiff/build/CMakeFiles/CMakeTmp'
Building C object CMakeFiles/cmTC_bf1ec.dir/src.c.o
/usr/bin/cc -DFLAG_SUPPORTED_Wstrictoverflow2  -std=c89 -pedantic -Wall -Wextra -Werror -Wstrict-prototypes -Wwrite-strings -Wshadow -Winit-self -Wcast-align -Wformat=2 -Wmissing-prototypes    -Wstrict-overflow=2 -o CMakeFiles/cmTC_bf1ec.dir/src.c.o -c /home/fyang151/cdiff/build/CMakeFiles/CMakeTmp/src.c
Linking C executable cmTC_bf1ec
/usr/bin/cmake -E cmake_link_script CMakeFiles/cmTC_bf1ec.dir/link.txt --verbose=1
/usr/bin/cc  -std=c89 -pedantic -Wall -Wextra -Werror -Wstrict-prototypes -Wwrite-strings -Wshadow -Winit-self -Wcast-align -Wformat=2 -Wmissing-prototypes  -rdynamic CMakeFiles/cmTC_bf1ec.dir/src.c.o -o cmTC_bf1ec 
gmake[2]: Leaving directory '/home/fyang151/cdiff/build/CMakeFiles/CMakeTmp'
gmake[1]: Leaving directory '/home/fyang151/cdiff/build/CMakeFiles/CMakeTmp'


Source file was:
int main(void) { return 0; }
Performing C SOURCE FILE Test FLAG_SUPPORTED_Wcastqual succeeded with the following output:
Change Dir: /home/fyang151/cdiff/build/CMakeFiles/CMakeTmp

Run Build Command(s):/usr/bin/gmake -f Makefile cmTC_f7bec/fast && gmake[1]: Entering directory '/home/fyang151/cdiff/build/CMakeFiles/CMakeTmp'
/usr/bin/gmake  -f CMakeFiles/cmTC_f7bec.dir/build.make CMakeFiles/cmTC_f7bec.dir/build
gmake[2]: Entering directory '/home/fyang151/cdiff/build/CMakeFiles/CMakeTmp'
Building C object CMakeFiles/cmTC_f7bec.dir/src.c.o
/usr/bin/cc -DFLAG_SUPPORTED_Wcastqual  -std=c89 -pedantic -Wall -Wextra -Werror -Wstrict-prototypes -Wwrite-strings -Wshadow -Winit-self -Wcast-align -Wformat=2 -Wmissing-prototypes -Wstrict-overflow=2    -Wcast-qual -o CMakeFiles/cmTC_f7bec.dir/src.c.o -c /home/fyang151/cdiff/build/CMakeFiles/CMakeTmp/src.c
Linking C executable cmTC_f7bec
/usr/bin/cmake -E cmake_link_script CMakeFiles/cmTC_f7bec.dir/link.txt --verbose=1
/usr/bin/cc  -std=c89 -pedantic -Wall -Wextra -Werror -Wstrict-prototypes -Wwrite-strings -Wshadow -Winit-self -Wcast-align -Wformat=2 -Wmissing-prototypes -Wstrict-overflow=2  -rdynamic CMakeFiles/cmTC_f7bec.dir/src.c.o -o cmTC_f7bec 
gmake[2]: Leaving directory '/home/fyang151/cdiff/build/CMakeFiles/CMakeTmp'
gmake[1]: Leaving directory '/home/fyang151/cdiff/build/CMakeFiles/CMakeTmp'


Source file was:
int main(void) { return 0; }
Performing C SOURCE FILE Test FLAG_SUPPORTED_Wundef succeeded with the following output:
Change Dir: /home/fyang151/cdiff/build/CMakeFiles/CMakeTmp

Run Build Command(s):/usr/bin/gmake -f Makefile cmTC_e2c6c/fast && gmake[1]: Entering directory '/home/fyang151/cdiff/build/CMakeFiles/CMakeTmp'
/usr/bin/gmake  -f CMakeFiles/cmTC_e2c6c.dir/build.make CMakeFiles/cmTC_e2c6c.dir/build
gmake[2]: Entering directory '/home/fyang151/cdiff/build/CMakeFiles/CMakeTmp'
Building C object CMakeFiles/cmTC_e2c6c.dir/src.c.o
/usr/bin/cc -DFLAG_SUPPORTED_Wundef  -std=c89 -pedantic -Wall -Wextra -Werror -Wstrict-prototypes -Wwrite-strings -Wshadow -Winit-self -Wcast-align -Wformat=2 -Wmissing-prototypes -Wstrict-overflow=2 -Wcast-qual    -Wundef -o CMakeFiles/cmTC_e2c6c.dir/src.c.o -c /home/fyang151/cdiff/build/CMakeFiles/CMakeTmp/src.c
Linking C executable cmTC_e2c6c
/usr/bin/cmake -E cmake_link_script CMakeFiles/cmTC_e2c6c.dir/link.txt --verbose=1
/usr/bin/cc  -std=c89 -pedantic -Wall -Wextra -Werror -Wstrict-prototypes -Wwrite-strings -Wshadow -Winit-self -Wcast-align -Wformat=2 -Wmissing-prototypes -Wstrict-overflow=2 -Wcast-qual  -rdynamic CMakeFiles/cmTC_e2c6c.dir/src.c.o -o cmTC_e2c6c 
gmake[2]: Leaving directory '/home/fyang151/cdiff/build/CMakeFiles/CMakeTmp'
gmake[1]: Leaving directory '/home/fyang151/cdiff/build/CMakeFiles/CMakeTmp'


Source file was:
int main(void) { return 0; }
Performing C SOURCE FILE Test FLAG_SUPPORTED_Wswitchdefault succeeded with the following output:
Change Dir: /home/fyang151/cdiff/build/CMakeFiles/CMakeTmp

Run Build Command(s):/usr/bin/gmake -f Makefile cmTC_6ac18/fast && gmake[1]: Entering directory '/home/fyang151/cdiff/build/CMakeFiles/CMakeTmp'
/usr/bin/gmake  -f CMakeFiles/cmTC_6ac18.dir/build.make CMakeFiles/cmTC_6ac18.dir/build
gmake[2]: Entering directory '/home/fyang151/cdiff/build/CMakeFiles/CMakeTmp'
Building C object CMakeFiles/cmTC_6ac18.dir/src.c.o
/usr/bin/cc -DFLAG_SUPPORTED_Wswitchdefault  -std=c89 -pedantic -Wall -Wextra -Werror -Wstrict-prototypes -Wwrite-strings -Wshadow -Winit-self -Wcast-align -Wformat=2 -Wmissing-prototypes -Wstrict-overflow=2 -Wcast-qual -Wundef    -Wswitch-default -o CMakeFiles/cmTC_6ac18.dir/src.c.o -c /home/fyang151/cdiff/build/CMakeFiles/CMakeTmp/src.c
Linking C executable cmTC_6ac18
/usr/bin/cmake -E cmake_link_script CMakeFiles/cmTC_6ac18.dir/link.txt --verbose=1
/usr/bin/cc  -std=c89 -pedantic -Wall -Wextra -Werror -Wstrict-prototypes -Wwrite-strings -Wshadow -Winit-self -Wcast-align -Wformat=2 -Wmissing-prototypes -Wstrict-overflow=2 -Wcast-qual -Wundef  -rdynamic CMakeFiles/cmTC_6ac18.dir/src.c.o -o cmTC_6ac18 
gmake[2]: Leaving directory '/home/fyang151/cdiff/build/CMakeFiles/CMakeTmp'
gmake[1]: Leaving directory '/home/fyang151/cdiff/build/CMakeFiles/CMakeTmp'


Source file was:
int main(void) { return 0; }
Performing C SOURCE FILE Test FLAG_SUPPORTED_Wconversion succeeded with the following output:
Change Dir: /home/fyang151/cdiff/build/CMakeFiles/CMakeTmp

Run Build Command(s):/usr/bin/gmake -f Makefile cmTC_ec375/fast && gmake[1]: Entering directory '/home/fyang151/cdiff/build/CMakeFiles/CMakeTmp'
/usr/bin/gmake  -f CMakeFiles/cmTC_ec375.dir/build.make CMakeFiles/cmTC_ec375.dir/build
gmake[2]: Entering directory '/home/fyang151/cdiff/build/CMakeFiles/CMakeTmp'
Building C object CMakeFiles/cmTC_ec375.dir/src.c.o
/usr/bin/cc -DFLAG_SUPPORTED_Wconversion  -std=c89 -pedantic -Wall -Wextra -Werror -Wstrict-prototypes -Wwrite-strings -Wshadow -Winit-self -Wcast-align -Wformat=2 -Wmissing-prototypes -Wstrict-overflow=2 -Wcast-qual -Wundef -Wswitch-default    -Wconversion -o CMakeFiles/cmTC_ec375.dir/src.c.o -c /home/fyang151/cdiff/build/CMakeFiles/CMakeTmp/src.c
Linking C executable cmTC_ec375
/usr/bin/cmake -E cmake_link_script CMakeFiles/cmTC_ec375.dir/link.txt --verbose=1
/usr/bin/cc  -std=c89 -pedantic -Wall -Wextra -Werror -Wstrict-prototypes -Wwrite-strings -Wshadow -Winit-self -Wcast-align -Wformat=2 -Wmissing-prototypes -Wstrict-overflow=2 -Wcast-qual -Wundef -Wswitch-default  -rdynamic CMakeFiles/cmTC_ec375.dir/src.c.o -o cmTC_ec375 
gmake[2]: Leaving directory '/home/fyang151/cdiff/build/CMakeFiles/CMakeTmp'
gmake[1]: Leaving directory '/home/fyang151/cdiff/build/CMakeFiles/CMakeTmp'


Source file was:
int main(void) { return 0; }
Performing C SOURCE FILE Test FLAG_SUPPORTED_Wccompat succeeded with the following output:
Change Dir: /home/fyang151/cdiff/build/CMakeFiles/CMakeTmp

Run Build Command(s):/usr/bin/gmake -f Makefile cmTC_b807d/fast && gmake[1]: Entering directory '/home/fyang151/cdiff/build/CMakeFiles/CMakeTmp'
/usr/bin/gmake  -f CMakeFiles/cmTC_b807d.dir/build.make CMakeFiles/cmTC_b807d.dir/build
gmake[2]: Entering directory '/home/fyang151/cdiff/build/CMakeFiles/CMakeTmp'
Building C object CMakeFiles/cmTC_b807d.dir/src.c.o
/usr/bin/cc -DFLAG_SUPPORTED_Wccompat  -std=c89 -pedantic -Wall -Wextra -Werror -Wstrict-prototypes -Wwrite-strings -Wshadow -Winit-self -Wcast-align -Wformat=2 -Wmissing-prototypes -Wstrict-overflow=2 -Wcast-qual -Wundef -Wswitch-default -Wconversion    -Wc++-compat -o CMakeFiles/cmTC_b807d.dir/src.c.o -c /home/fyang151/cdiff/build/CMakeFiles/CMakeTmp/src.c
Linking C executable cmTC_b807d
/usr/bin/cmake -E cmake_link_script CMakeFiles/cmTC_b807d.dir/link.txt --verbose=1
/usr/bin/cc  -std=c89 -pedantic -Wall -Wextra -Werror -Wstrict-prototypes -Wwrite-strings -Wshadow -Winit-self -Wcast-align -Wformat=2 -Wmissing-prototypes -Wstrict-overflow=2 -Wcast-qual -Wundef -Wswitch-default -Wconversion  -rdynamic CMakeFiles/cmTC_b807d.dir/src.c.o -o cmTC_b807d 
gmake[2]: Leaving directory '/home/fyang151/cdiff/build/CMakeFiles/CMakeTmp'
gmake[1]: Leaving directory '/home/fyang151/cdiff/build/CMakeFiles/CMakeTmp'


Source file was:
int main(void) { return 0; }
Performing C SOURCE FILE Test FLAG_SUPPORTED_fstackprotectorstrong succeeded with the following output:
Change Dir: /home/fyang151/cdiff/build/CMakeFiles/CMakeTmp

Run Build Command(s):/usr/bin/gmake -f Makefile cmTC_e8545/fast && gmake[1]: Entering directory '/home/fyang151/cdiff/build/CMakeFiles/CMakeTmp'
/usr/bin/gmake  -f CMakeFiles/cmTC_e8545.dir/build.make CMakeFiles/cmTC_e8545.dir/build
gmake[2]: Entering directory '/home/fyang151/cdiff/build/CMakeFiles/CMakeTmp'
Building C object CMakeFiles/cmTC_e8545.dir/src.c.o
/usr/bin/cc -DFLAG_SUPPORTED_fstackprotectorstrong  -std=c89 -pedantic -Wall -Wextra -Werror -Wstrict-prototypes -Wwrite-strings -Wshadow -Winit-self -Wcast-align -Wformat=2 -Wmissing-prototypes -Wstrict-overflow=2 -Wcast-qual -Wundef -Wswitch-default -Wconversion -Wc++-compat    -fstack-protector-strong -o CMakeFiles/cmTC_e8545.dir/src.c.o -c /home/fyang151/cdiff/build/CMakeFiles/CMakeTmp/src.c
Linking C executable cmTC_e8545
/usr/bin/cmake -E cmake_link_script CMakeFiles/cmTC_e8545.dir/link.txt --verbose=1
/usr/bin/cc  -std=c89 -pedantic -Wall -Wextra -Werror -Wstrict-prototypes -Wwrite-strings -Wshadow -Winit-self -Wcast-align -Wformat=2 -Wmissing-prototypes -Wstrict-overflow=2 -Wcast-qual -Wundef -Wswitch-default -Wconversion -Wc++-compat  -rdynamic CMakeFiles/cmTC_e8545.dir/src.c.o -o cmTC_e8545 
gmake[2]: Leaving directory '/home/fyang151/cdiff/build/CMakeFiles/CMakeTmp'
gmake[1]: Leaving directory '/home/fyang151/cdiff/build/CMakeFiles/CMakeTmp'


Source file was:
int main(void) { return 0; }
Performing C SOURCE FILE Test FLAG_SUPPORTED_Wdoublepromotion succeeded with the following output:
Change Dir: /home/fyang151/cdiff/build/CMakeFiles/CMakeTmp

Run Build Command(s):/usr/bin/gmake -f Makefile cmTC_dbd99/fast && gmake[1]: Entering directory '/home/fyang151/cdiff/build/CMakeFiles/CMakeTmp'
/usr/bin/gmake  -f CMakeFiles/cmTC_dbd99.dir/build.make CMakeFiles/cmTC_dbd99.dir/build
gmake[2]: Entering directory '/home/fyang151/cdiff/build/CMakeFiles/CMakeTmp'
Building C object CMakeFiles/cmTC_dbd99.dir/src.c.o
/usr/bin/cc -DFLAG_SUPPORTED_Wdoublepromotion  -std=c89 -pedantic -Wall -Wextra -Werror -Wstrict-prototypes -Wwrite-strings -Wshadow -Winit-self -Wcast-align -Wformat=2 -Wmissing-prototypes -Wstrict-overflow=2 -Wcast-qual -Wundef -Wswitch-default -Wconversion -Wc++-compat -fstack-protector-strong    -Wdouble-promotion -o CMakeFiles/cmTC_dbd99.dir/src.c.o -c /home/fyang151/cdiff/build/CMakeFiles/CMakeTmp/src.c
Linking C executable cmTC_dbd99
/usr/bin/cmake -E cmake_link_script CMakeFiles/cmTC_dbd99.dir/link.txt --verbose=1
/usr/bin/cc  -std=c89 -pedantic -Wall -Wextra -Werror -Wstrict-prototypes -Wwrite-strings -Wshadow -Winit-self -Wcast-align -Wformat=2 -Wmissing-prototypes -Wstrict-overflow=2 -Wcast-qual -Wundef -Wswitch-default -Wconversion -Wc++-compat -fstack-protector-strong  -rdynamic CMakeFiles/cmTC_dbd99.dir/src.c.o -o cmTC_dbd99 
gmake[2]: Leaving directory '/home/fyang151/cdiff/build/CMakeFiles/CMakeTmp'
gmake[1]: Leaving directory '/home/fyang151/cdiff/build/CMakeFiles/CMakeTmp'


Source file was:
int main(void) { return 0; }
Performing C SOURCE FILE Test FLAG_SUPPORTED_Wparentheses succeeded with the following output:
Change Dir: /home/fyang151/cdiff/build/CMakeFiles/CMakeTmp

Run Build Command(s):/usr/bin/gmake -f Makefile cmTC_d03d9/fast && gmake[1]: Entering directory '/home/fyang151/cdiff/build/CMakeFiles/CMakeTmp'
/usr/bin/gmake  -f CMakeFiles/cmTC_d03d9.dir/build.make CMakeFiles/cmTC_d03d9.dir/build
gmake[2]: Entering directory '/home/fyang151/cdiff/build/CMakeFiles/CMakeTmp'
Building C object CMakeFiles/cmTC_d03d9.dir/src.c.o
/usr/bin/cc -DFLAG_SUPPORTED_Wparentheses  -std=c89 -pedantic -Wall -Wextra -Werror -Wstrict-prototypes -Wwrite-strings -Wshadow -Winit-self -Wcast-align -Wformat=2 -Wmissing-prototypes -Wstrict-overflow=2 -Wcast-qual -Wundef -Wswitch-default -Wconversion -Wc++-compat -fstack-protector-strong -Wdouble-promotion    -Wparentheses -o CMakeFiles/cmTC_d03d9.dir/src.c.o -c /home/fyang151/cdiff/build/CMakeFiles/CMakeTmp/src.c
Linking C executable cmTC_d03d9
/usr/bin/cmake -E cmake_link_script CMakeFiles/cmTC_d03d9.dir/link.txt --verbose=1
/usr/bin/cc  -std=c89 -pedantic -Wall -Wextra -Werror -Wstrict-prototypes -Wwrite-strings -Wshadow -Winit-self -Wcast-align -Wformat=2 -Wmissing-prototypes -Wstrict-overflow=2 -Wcast-qual -Wundef -Wswitch-default -Wconversion -Wc++-compat -fstack-protector-strong -Wdouble-promotion  -rdynamic CMakeFiles/cmTC_d03d9.dir/src.c.o -o cmTC_d03d9 
gmake[2]: Leaving directory '/home/fyang151/cdiff/build/CMakeFiles/CMakeTmp'
gmake[1]: Leaving directory '/home/fyang151/cdiff/build/CMakeFiles/CMakeTmp'


Source file was:
int main(void) { return 0; }
Performing C SOURCE FILE Test FLAG_SUPPORTED_Wformatoverflow succeeded with the following output:
Change Dir: /home/fyang151/cdiff/build/CMakeFiles/CMakeTmp

Run Build Command(s):/usr/bin/gmake -f Makefile cmTC_13ada/fast && gmake[1]: Entering directory '/home/fyang151/cdiff/build/CMakeFiles/CMakeTmp'
/usr/bin/gmake  -f CMakeFiles/cmTC_13ada.dir/build.make CMakeFiles/cmTC_13ada.dir/build
gmake[2]: Entering directory '/home/fyang151/cdiff/build/CMakeFiles/CMakeTmp'
Building C object CMakeFiles/cmTC_13ada.dir/src.c.o
/usr/bin/cc -DFLAG_SUPPORTED_Wformatoverflow  -std=c89 -pedantic -Wall -Wextra -Werror -Wstrict-prototypes -Wwrite-strings -Wshadow -Winit-self -Wcast-align -Wformat=2 -Wmissing-prototypes -Wstrict-overflow=2 -Wcast-qual -Wundef -Wswitch-default -Wconversion -Wc++-compat -fstack-protector-strong -Wdouble-promotion -Wparentheses    -Wformat-overflow -o CMakeFiles/cmTC_13ada.dir/src.c.o -c /home/fyang151/cdiff/build/CMakeFiles/CMakeTmp/src.c
Linking C executable cmTC_13ada
/usr/bin/cmake -E cmake_link_script CMakeFiles/cmTC_13ada.dir/link.txt --verbose=1
/usr/bin/cc  -std=c89 -pedantic -Wall -Wextra -Werror -Wstrict-prototypes -Wwrite-strings -Wshadow -Winit-self -Wcast-align -Wformat=2 -Wmissing-prototypes -Wstrict-overflow=2 -Wcast-qual -Wundef -Wswitch-default -Wconversion -Wc++-compat -fstack-protector-strong -Wdouble-promotion -Wparentheses  -rdynamic CMakeFiles/cmTC_13ada.dir/src.c.o -o cmTC_13ada 
gmake[2]: Leaving directory '/home/fyang151/cdiff/build/CMakeFiles/CMakeTmp'
gmake[1]: Leaving directory '/home/fyang151/cdiff/build/CMakeFiles/CMakeTmp'


Source file was:
int main(void) { return 0; }
Performing C SOURCE FILE Test FLAG_SUPPORTED_Wunusedmacros succeeded with the following output:
Change Dir: /home/fyang151/cdiff/build/CMakeFiles/CMakeTmp

Run Build Command(s):/usr/bin/gmake -f Makefile cmTC_b013f/fast && gmake[1]: Entering directory '/home/fyang151/cdiff/build/CMakeFiles/CMakeTmp'
/usr/bin/gmake  -f CMakeFiles/cmTC_b013f.dir/build.make CMakeFiles/cmTC_b013f.dir/build
gmake[2]: Entering directory '/home/fyang151/cdiff/build/CMakeFiles/CMakeTmp'
Building C object CMakeFiles/cmTC_b013f.dir/src.c.o
/usr/bin/cc -DFLAG_SUPPORTED_Wunusedmacros  -std=c89 -pedantic -Wall -Wextra -Werror -Wstrict-prototypes -Wwrite-strings -Wshadow -Winit-self -Wcast-align -Wformat=2 -Wmissing-prototypes -Wstrict-overflow=2 -Wcast-qual -Wundef -Wswitch-default -Wconversion -Wc++-compat -fstack-protector-strong -Wdouble-promotion -Wparentheses -Wformat-overflow    -Wunused-macros -o CMakeFiles/cmTC_b013f.dir/src.c.o -c /home/fyang151/cdiff/build/CMakeFiles/CMakeTmp/src.c
Linking C executable cmTC_b013f
/usr/bin/cmake -E cmake_link_script CMakeFiles/cmTC_b013f.dir/link.txt --verbose=1
/usr/bin/cc  -std=c89 -pedantic -Wall -Wextra -Werror -Wstrict-prototypes -Wwrite-strings -Wshadow -Winit-self -Wcast-align -Wformat=2 -Wmissing-prototypes -Wstrict-overflow=2 -Wcast-qual -Wundef -Wswitch-default -Wconversion -Wc++-compat -fstack-protector-strong -Wdouble-promotion -Wparentheses -Wformat-overflow  -rdynamic CMakeFiles/cmTC_b013f.dir/src.c.o -o cmTC_b013f 
gmake[2]: Leaving directory '/home/fyang151/cdiff/build/CMakeFiles/CMakeTmp'
gmake[1]: Leaving directory '/home/fyang151/cdiff/build/CMakeFiles/CMakeTmp'


Source file was:
int main(void) { return 0; }
Performing C SOURCE FILE Test FLAG_SUPPORTED_Wswitchenum succeeded with the following output:
Change Dir: /home/fyang151/cdiff/build/CMakeFiles/CMakeTmp

Run Build Command(s):/usr/bin/gmake -f Makefile cmTC_6eb64/fast && gmake[1]: Entering directory '/home/fyang151/cdiff/build/CMakeFiles/CMakeTmp'
/usr/bin/gmake  -f CMakeFiles/cmTC_6eb64.dir/build.make CMakeFiles/cmTC_6eb64.dir/build
gmake[2]: Entering directory '/home/fyang151/cdiff/build/CMakeFiles/CMakeTmp'
Building C object CMakeFiles/cmTC_6eb64.dir/src.c.o
/usr/bin/cc -DFLAG_SUPPORTED_Wswitchenum  -std=c89 -pedantic -Wall -Wextra -Werror -Wstrict-prototypes -Wwrite-strings -Wshadow -Winit-self -Wcast-align -Wformat=2 -Wmissing-prototypes -Wstrict-overflow=2 -Wcast-qual -Wundef -Wswitch-default -Wconversion -Wc++-compat -fstack-protector-strong -Wdouble-promotion -Wparentheses -Wformat-overflow -Wunused-macros    -Wswitch-enum -o CMakeFiles/cmTC_6eb64.dir/src.c.o -c /home/fyang151/cdiff/build/CMakeFiles/CMakeTmp/src.c
Linking C executable cmTC_6eb64
/usr/bin/cmake -E cmake_link_script CMakeFiles/cmTC_6eb64.dir/link.txt --verbose=1
/usr/bin/cc  -std=c89 -pedantic -Wall -Wextra -Werror -Wstrict-prototypes -Wwrite-strings -Wshadow -Winit-self -Wcast-align -Wformat=2 -Wmissing-prototypes -Wstrict-overflow=2 -Wcast-qual -Wundef -Wswitch-default -Wconversion -Wc++-compat -fstack-protector-strong -Wdouble-promotion -Wparentheses -Wformat-overflow -Wunused-macros  -rdynamic CMakeFiles/cmTC_6eb64.dir/src.c.o -o cmTC_6eb64 
gmake[2]: Leaving directory '/home/fyang151/cdiff/build/CMakeFiles/CMakeTmp'
gmake[1]: Leaving directory '/home/fyang151/cdiff/build/CMakeFiles/CMakeTmp'


Source file was:
int main(void) { return 0; }
Performing C SOURCE FILE Test FLAG_SUPPORTED_fvisibilityhidden succeeded with the following output:
Change Dir: /home/fyang151/cdiff/build/CMakeFiles/CMakeTmp

Run Build Command(s):/usr/bin/gmake -f Makefile cmTC_ade72/fast && gmake[1]: Entering directory '/home/fyang151/cdiff/build/CMakeFiles/CMakeTmp'
/usr/bin/gmake  -f CMakeFiles/cmTC_ade72.dir/build.make CMakeFiles/cmTC_ade72.dir/build
gmake[2]: Entering directory '/home/fyang151/cdiff/build/CMakeFiles/CMakeTmp'
Building C object CMakeFiles/cmTC_ade72.dir/src.c.o
/usr/bin/cc -DFLAG_SUPPORTED_fvisibilityhidden  -std=c89 -pedantic -Wall -Wextra -Werror -Wstrict-prototypes -Wwrite-strings -Wshadow -Winit-self -Wcast-align -Wformat=2 -Wmissing-prototypes -Wstrict-overflow=2 -Wcast-qual -Wundef -Wswitch-default -Wconversion -Wc++-compat -fstack-protector-strong -Wdouble-promotion -Wparentheses -Wformat-overflow -Wunused-macros -Wswitch-enum    -fvisibility=hidden -o CMakeFiles/cmTC_ade72.dir/src.c.o -c /home/fyang151/cdiff/build/CMakeFiles/CMakeTmp/src.c
Linking C executable cmTC_ade72
/usr/bin/cmake -E cmake_link_script CMakeFiles/cmTC_ade72.dir/link.txt --verbose=1
/usr/bin/cc  -std=c89 -pedantic -Wall -Wextra -Werror -Wstrict-prototypes -Wwrite-strings -Wshadow -Winit-self -Wcast-align -Wformat=2 -Wmissing-prototypes -Wstrict-overflow=2 -Wcast-qual -Wundef -Wswitch-default -Wconversion -Wc++-compat -fstack-protector-strong -Wdouble-promotion -Wparentheses -Wformat-overflow -Wunused-macros -Wswitch-enum  -rdynamic CMakeFiles/cmTC_ade72.dir/src.c.o -o cmTC_ade72 
gmake[2]: Leaving directory '/home/fyang151/cdiff/build/CMakeFiles/CMakeTmp'
gmake[1]: Leaving directory '/home/fyang151/cdiff/build/CMakeFiles/CMakeTmp'


Source file was:
int main(void) { return 0; }
